<?xml version="1.0" encoding="UTF-8"?>
<!-- Generated by org.testng.reporters.JUnitXMLReporter -->
<testsuite ignored="6" hostname="LOVEPREET-LAPTOP" failures="1" tests="1" name="Assignment Test Cases" time="0.115" errors="0" timestamp="2023-09-30T23:49:15 IST">
  <testcase classname="testcases.LoginTest" name="LoginCheck" time="0.0">
    <failure type="org.testng.TestNGException" message="
Method public void testcases.LoginTest.LoginCheck(java.lang.String,java.lang.String) requires a @DataProvider named : login in class utilities.DataUtil">
      <![CDATA[org.testng.TestNGException: 
Method public void testcases.LoginTest.LoginCheck(java.lang.String,java.lang.String) requires a @DataProvider named : login in class utilities.DataUtil
at java.base/java.util.ArrayList.forEach(ArrayList.java:1541)
... Removed 24 stack frames]]>
    </failure>
  </testcase> <!-- LoginCheck -->
  <testcase classname="base.BaseTest" name="@BeforeSuite setup" time="0.0">
    <ignored/>
  </testcase> <!-- @BeforeSuite setup -->
  <testcase classname="base.BaseTest" name="@BeforeSuite setup" time="0.0">
    <ignored/>
  </testcase> <!-- @BeforeSuite setup -->
  <testcase classname="base.BaseTest" name="@BeforeSuite setup" time="0.0">
    <ignored/>
  </testcase> <!-- @BeforeSuite setup -->
  <testcase classname="base.BaseTest" name="@AfterSuite tearDown" time="0.0">
    <ignored/>
  </testcase> <!-- @AfterSuite tearDown -->
  <testcase classname="base.BaseTest" name="@AfterSuite tearDown" time="0.0">
    <ignored/>
  </testcase> <!-- @AfterSuite tearDown -->
  <testcase classname="base.BaseTest" name="@AfterSuite tearDown" time="0.0">
    <ignored/>
  </testcase> <!-- @AfterSuite tearDown -->
</testsuite> <!-- Assignment Test Cases -->
