<?xml version="1.0" encoding="UTF-8"?>
<!-- Generated by org.testng.reporters.JUnitXMLReporter -->
<testsuite ignored="4" hostname="LOVEPREET-LAPTOP" failures="0" tests="7" name="Assignment 1" time="139.248" errors="0" timestamp="2023-10-01T11:04:02 IST">
  <testcase classname="testcases.LoginTest" name="Login" time="7.986"/>
  <testcase classname="testcases.Assignment1" name="HomePageCheck" time="0.114"/>
  <testcase classname="testcases.Assignment1" name="AskQuestionCheck" time="112.738"/>
  <testcase classname="testcases.Assignment1" name="JobsPageCheck" time="3.253"/>
  <testcase classname="testcases.Assignment1" name="InboxPageCheck" time="4.475"/>
  <testcase classname="testcases.Assignment1" name="RecrtuierPageCheck" time="5.766"/>
  <testcase classname="testcases.LogOut" name="LogOutCheck" time="4.824"/>
  <testcase classname="base.BaseTest" name="@BeforeSuite setup" time="0.0">
    <ignored/>
  </testcase> <!-- @BeforeSuite setup -->
  <testcase classname="base.BaseTest" name="@BeforeSuite setup" time="0.0">
    <ignored/>
  </testcase> <!-- @BeforeSuite setup -->
  <testcase classname="base.BaseTest" name="@AfterSuite tearDown" time="0.0">
    <ignored/>
  </testcase> <!-- @AfterSuite tearDown -->
  <testcase classname="base.BaseTest" name="@AfterSuite tearDown" time="0.0">
    <ignored/>
  </testcase> <!-- @AfterSuite tearDown -->
</testsuite> <!-- Assignment 1 -->
