<?xml version="1.0" encoding="UTF-8"?>
<!-- Generated by org.testng.reporters.JUnitXMLReporter -->
<testsuite ignored="4" hostname="LOVEPREET-LAPTOP" failures="0" tests="6" name="Assignment 2" time="50.069" errors="0" timestamp="2023-10-04T23:28:47 IST">
  <testcase classname="testcases.LoginTest" name="Login" time="5.304"/>
  <testcase classname="testcases.Assignment2" name="CareerPageCheck" time="0.295"/>
  <testcase classname="testcases.Assignment2" name="InspirationPathCheck" time="21.721"/>
  <testcase classname="testcases.Assignment2" name="UpdateCheck" time="3.236"/>
  <testcase classname="testcases.Assignment2" name="RecentlyViewCheck" time="6.04"/>
  <testcase classname="testcases.LogOut" name="LogOutCheck" time="13.451"/>
  <testcase classname="base.BaseTest" name="@BeforeSuite setup" time="0.0">
    <ignored/>
  </testcase> <!-- @BeforeSuite setup -->
  <testcase classname="base.BaseTest" name="@BeforeSuite setup" time="0.0">
    <ignored/>
  </testcase> <!-- @BeforeSuite setup -->
  <testcase classname="base.BaseTest" name="@AfterSuite tearDown" time="0.0">
    <ignored/>
  </testcase> <!-- @AfterSuite tearDown -->
  <testcase classname="base.BaseTest" name="@AfterSuite tearDown" time="0.0">
    <ignored/>
  </testcase> <!-- @AfterSuite tearDown -->
</testsuite> <!-- Assignment 2 -->
