<?xml version="1.0" encoding="UTF-8"?>
<!-- Generated by org.testng.reporters.JUnitXMLReporter -->
<testsuite ignored="4" hostname="LOVEPREET-LAPTOP" failures="0" tests="7" name="Assignment 1" time="52.491" errors="0" timestamp="2023-10-04T23:27:57 IST">
  <testcase classname="testcases.LoginTest" name="Login" time="6.145"/>
  <testcase classname="testcases.Assignment1" name="HomePageCheck" time="0.221"/>
  <testcase classname="testcases.Assignment1" name="AskQuestionCheck" time="26.185"/>
  <testcase classname="testcases.Assignment1" name="JobsPageCheck" time="4.075"/>
  <testcase classname="testcases.Assignment1" name="InboxPageCheck" time="5.749"/>
  <testcase classname="testcases.Assignment1" name="RecrtuierPageCheck" time="4.509"/>
  <testcase classname="testcases.LogOut" name="LogOutCheck" time="5.558"/>
  <testcase classname="base.BaseTest" name="@BeforeSuite setup" time="0.0">
    <ignored/>
  </testcase> <!-- @BeforeSuite setup -->
  <testcase classname="base.BaseTest" name="@BeforeSuite setup" time="0.0">
    <ignored/>
  </testcase> <!-- @BeforeSuite setup -->
  <testcase classname="base.BaseTest" name="@AfterSuite tearDown" time="0.0">
    <ignored/>
  </testcase> <!-- @AfterSuite tearDown -->
  <testcase classname="base.BaseTest" name="@AfterSuite tearDown" time="0.0">
    <ignored/>
  </testcase> <!-- @AfterSuite tearDown -->
</testsuite> <!-- Assignment 1 -->
