<?xml version="1.0" encoding="UTF-8"?>
<!-- Generated by org.testng.reporters.JUnitXMLReporter -->
<testsuite ignored="4" hostname="LOVEPREET-LAPTOP" failures="0" tests="6" name="Assignment 2" time="42.983" errors="0" timestamp="2023-10-01T12:55:48 IST">
  <testcase classname="testcases.LoginTest" name="Login" time="5.871"/>
  <testcase classname="testcases.Assignment2" name="CareerPageCheck" time="0.273"/>
  <testcase classname="testcases.Assignment2" name="InspirationPathCheck" time="23.233"/>
  <testcase classname="testcases.Assignment2" name="UpdateCheck" time="3.01"/>
  <testcase classname="testcases.Assignment2" name="RecentlyViewCheck" time="5.307"/>
  <testcase classname="testcases.LogOut" name="LogOutCheck" time="5.256"/>
  <testcase classname="base.BaseTest" name="@BeforeSuite setup" time="0.0">
    <ignored/>
  </testcase> <!-- @BeforeSuite setup -->
  <testcase classname="base.BaseTest" name="@BeforeSuite setup" time="0.0">
    <ignored/>
  </testcase> <!-- @BeforeSuite setup -->
  <testcase classname="base.BaseTest" name="@AfterSuite tearDown" time="0.0">
    <ignored/>
  </testcase> <!-- @AfterSuite tearDown -->
  <testcase classname="base.BaseTest" name="@AfterSuite tearDown" time="0.0">
    <ignored/>
  </testcase> <!-- @AfterSuite tearDown -->
</testsuite> <!-- Assignment 2 -->
