<?xml version="1.0" encoding="UTF-8"?>
<!-- Generated by org.testng.reporters.JUnitXMLReporter -->
<testsuite ignored="4" hostname="LOVEPREET-LAPTOP" failures="0" tests="6" name="Login Test" time="68.437" errors="0" timestamp="2023-10-01T10:40:14 IST">
  <testcase classname="testcases.LoginTest" name="Login" time="11.529"/>
  <testcase classname="testcases.Assignment2" name="CareerPageCheck" time="0.33"/>
  <testcase classname="testcases.Assignment2" name="InspirationPathCheck" time="38.398"/>
  <testcase classname="testcases.Assignment2" name="UpdateCheck" time="5.242"/>
  <testcase classname="testcases.Assignment2" name="RecentlyViewCheck" time="6.612"/>
  <testcase classname="testcases.LogOut" name="LogOutCheck" time="6.2"/>
  <testcase classname="base.BaseTest" name="@BeforeSuite setup" time="0.0">
    <ignored/>
  </testcase> <!-- @BeforeSuite setup -->
  <testcase classname="base.BaseTest" name="@BeforeSuite setup" time="0.0">
    <ignored/>
  </testcase> <!-- @BeforeSuite setup -->
  <testcase classname="base.BaseTest" name="@AfterSuite tearDown" time="0.0">
    <ignored/>
  </testcase> <!-- @AfterSuite tearDown -->
  <testcase classname="base.BaseTest" name="@AfterSuite tearDown" time="0.0">
    <ignored/>
  </testcase> <!-- @AfterSuite tearDown -->
</testsuite> <!-- Login Test -->
