<?xml version="1.0" encoding="UTF-8"?>
<!-- Generated by org.testng.reporters.JUnitXMLReporter -->
<testsuite ignored="2" hostname="LOVEPREET-LAPTOP" failures="0" tests="2" name="MyTestCase" time="11.819" errors="0" timestamp="2023-09-30T23:19:41 IST">
  <testcase classname="testcases.LoginTest" name="LoginCheck" time="2.736"/>
  <testcase classname="testcases.LogOut" name="LogOutCheck" time="8.961"/>
  <testcase classname="base.BaseTest" name="@BeforeSuite setup" time="0.0">
    <ignored/>
  </testcase> <!-- @BeforeSuite setup -->
  <testcase classname="base.BaseTest" name="@AfterSuite tearDown" time="0.0">
    <ignored/>
  </testcase> <!-- @AfterSuite tearDown -->
</testsuite> <!-- MyTestCase -->
