<?xml version="1.0" encoding="UTF-8"?>
<!-- Generated by org.testng.reporters.JUnitXMLReporter -->
<testsuite ignored="2" hostname="LOVEPREET-LAPTOP" failures="0" tests="8" name="Signup PeopleGrove" time="68.453" errors="0" timestamp="2023-10-05T18:29:59 IST">
  <testcase classname="testcases.SignUpTest" name="signUp_Selction" time="0.402"/>
  <testcase classname="testcases.SignUpTest" name="signUpDetails" time="11.013"/>
  <testcase classname="testcases.SignUpTest" name="joiningAs_Selction" time="1.239"/>
  <testcase classname="testcases.SignUpTest" name="enjoyDoing_Selection" time="3.048"/>
  <testcase classname="testcases.SignUpTest" name="motivates_Selection" time="2.397"/>
  <testcase classname="testcases.SignUpTest" name="photo_Selection" time="2.227"/>
  <testcase classname="testcases.SignUpTest" name="career_Selection" time="2.052"/>
  <testcase classname="testcases.LogOut" name="LogOutCheck" time="46.003"/>
  <testcase classname="base.BaseTest" name="@BeforeSuite setup" time="0.0">
    <ignored/>
  </testcase> <!-- @BeforeSuite setup -->
  <testcase classname="base.BaseTest" name="@AfterSuite tearDown" time="0.0">
    <ignored/>
  </testcase> <!-- @AfterSuite tearDown -->
</testsuite> <!-- Signup PeopleGrove -->
