<?xml version="1.0" encoding="UTF-8"?>
<!-- Generated by org.testng.reporters.JUnitXMLReporter -->
<testsuite ignored="2" hostname="LOVEPREET-LAPTOP" failures="0" tests="8" name="Signup PeopleGrove" time="34.088" errors="0" timestamp="2023-10-04T23:27:03 IST">
  <testcase classname="testcases.SignUpTest" name="signUp_Selction" time="2.708"/>
  <testcase classname="testcases.SignUpTest" name="signUpDetails" time="12.585"/>
  <testcase classname="testcases.SignUpTest" name="joiningAs_Selction" time="1.32"/>
  <testcase classname="testcases.SignUpTest" name="enjoyDoing_Selection" time="3.326"/>
  <testcase classname="testcases.SignUpTest" name="motivates_Selection" time="2.681"/>
  <testcase classname="testcases.SignUpTest" name="photo_Selection" time="2.244"/>
  <testcase classname="testcases.SignUpTest" name="career_Selection" time="2.244"/>
  <testcase classname="testcases.LogOut" name="LogOutCheck" time="6.843"/>
  <testcase classname="base.BaseTest" name="@BeforeSuite setup" time="0.0">
    <ignored/>
  </testcase> <!-- @BeforeSuite setup -->
  <testcase classname="base.BaseTest" name="@AfterSuite tearDown" time="0.0">
    <ignored/>
  </testcase> <!-- @AfterSuite tearDown -->
</testsuite> <!-- Signup PeopleGrove -->
