<?xml version="1.0" encoding="UTF-8"?>
<!-- Generated by org.testng.reporters.JUnitXMLReporter -->
<testsuite ignored="4" hostname="LOVEPREET-LAPTOP" failures="0" tests="10" name="Login Test" time="76.485" errors="0" timestamp="2023-09-30T20:17:05 IST">
  <testcase classname="testcases.LoginTest" name="LoginCheck" time="5.434"/>
  <testcase classname="testcases.Assignment1" name="HomePageCheck" time="5.286"/>
  <testcase classname="testcases.Assignment1" name="AskQuestionCheck" time="28.796"/>
  <testcase classname="testcases.Assignment1" name="JobsPageCheck" time="4.757"/>
  <testcase classname="testcases.Assignment1" name="InboxPageCheck" time="5.368"/>
  <testcase classname="testcases.Assignment1" name="RecrtuierPageCheck" time="2.636"/>
  <testcase classname="testcases.Assignment2" name="CareerPageCheck" time="0.393"/>
  <testcase classname="testcases.Assignment2" name="InspirationPathCheck" time="16.88"/>
  <testcase classname="testcases.Assignment2" name="RecentlyViewCheck" time="4.466"/>
  <testcase classname="testcases.Assignment2" name="UpdateCheck" time="2.298"/>
  <testcase classname="base.BaseTest" name="@BeforeSuite setup" time="0.0">
    <ignored/>
  </testcase> <!-- @BeforeSuite setup -->
  <testcase classname="base.BaseTest" name="@BeforeSuite setup" time="0.0">
    <ignored/>
  </testcase> <!-- @BeforeSuite setup -->
  <testcase classname="base.BaseTest" name="@AfterSuite tearDown" time="0.0">
    <ignored/>
  </testcase> <!-- @AfterSuite tearDown -->
  <testcase classname="base.BaseTest" name="@AfterSuite tearDown" time="0.0">
    <ignored/>
  </testcase> <!-- @AfterSuite tearDown -->
</testsuite> <!-- Login Test -->
